c:\users\user\desktop\고소실\week4\실습\x64\debug\vc142.pdb
c:\users\user\desktop\고소실\week4\실습\x64\debug\vc142.idb
c:\users\user\desktop\고소실\week4\실습\x64\debug\sp_program1_2.obj
c:\users\user\desktop\고소실\week4\실습\x64\debug\sp_program1_1.obj
c:\users\user\desktop\고소실\week4\실습\x64\debug\sp_function.obj
c:\users\user\desktop\고소실\week4\실습\x64\debug\program1_3.obj
c:\users\user\desktop\고소실\week4\실습\x64\debug\program1_2.obj
c:\users\user\desktop\고소실\week4\실습\x64\debug\program1_1.obj
c:\users\user\desktop\고소실\week4\실습\x64\debug\main.obj
c:\users\user\desktop\고소실\week4\실습\x64\debug\function.obj
c:\users\user\desktop\고소실\week4\실습\x64\debug\project4.exe
c:\users\user\desktop\고소실\week4\실습\x64\debug\project4.ilk
c:\users\user\desktop\고소실\week4\실습\x64\debug\project4.pdb
c:\users\user\desktop\고소실\week4\실습\x64\debug\program1_1.obj.enc
c:\users\user\desktop\고소실\week4\실습\x64\debug\project4.tlog\cl.command.1.tlog
c:\users\user\desktop\고소실\week4\실습\x64\debug\project4.tlog\cl.read.1.tlog
c:\users\user\desktop\고소실\week4\실습\x64\debug\project4.tlog\cl.write.1.tlog
c:\users\user\desktop\고소실\week4\실습\x64\debug\project4.tlog\link.command.1.tlog
c:\users\user\desktop\고소실\week4\실습\x64\debug\project4.tlog\link.read.1.tlog
c:\users\user\desktop\고소실\week4\실습\x64\debug\project4.tlog\link.write.1.tlog
